<?xml version="1.0" encoding="UTF-8"?>
<!-- Generated by org.testng.reporters.JUnitXMLReporter -->
<testsuite ignored="0" hostname="LTIN509612" failures="0" tests="5" name="ChromeTest" time="62.368" errors="0" timestamp="2024-11-11T10:45:24 IST">
  <testcase classname="testCases.TC001_DisplayBookshelves" name="test_displayBookShelves" time="8.517"/>
  <testcase classname="testCases.TC002_BeingAtHome_SubMenuRetrieval" name="test_beingAtHome" time="4.127"/>
  <testcase classname="testCases.TC003_DisplayStudyChairs" name="test_displayStudyChairs" time="3.641"/>
  <testcase classname="testCases.TC004_LoginPage" name="test_customizeGiftCard" time="3.939"/>
  <testcase classname="testCases.TC004_LoginPage" name="test_customizeGiftCard" time="0.583"/>
</testsuite> <!-- ChromeTest -->
