<?xml version="1.0" encoding="UTF-8"?>
<testng-results ignored="0" total="5" passed="4" failed="1" skipped="0">
  <reporter-output>
  </reporter-output>
  <suite started-at="2024-11-11T10:24:01 IST" name="Suite" finished-at="2024-11-11T10:26:24 IST" duration-ms="143213">
    <groups>
    </groups>
    <test started-at="2024-11-11T10:24:01 IST" name="ChromeTest" finished-at="2024-11-11T10:26:24 IST" duration-ms="143213">
      <class name="testCases.TC003_DisplayStudyChairs">
        <test-method is-config="true" signature="setup(java.lang.String,java.lang.String)[pri:0, instance:testCases.TC003_DisplayStudyChairs@665df3c6]" started-at="2024-11-11T10:24:59 IST" name="setup" finished-at="2024-11-11T10:25:05 IST" duration-ms="6214" status="PASS">
          <params>
            <param index="0">
              <value>
                <![CDATA[Windows]]>
              </value>
            </param>
            <param index="1">
              <value>
                <![CDATA[Chrome]]>
              </value>
            </param>
          </params>
          <reporter-output>
          </reporter-output>
        </test-method> <!-- setup -->
        <test-method signature="test_displayStudyChairs()[pri:0, instance:testCases.TC003_DisplayStudyChairs@665df3c6]" started-at="2024-11-11T10:25:05 IST" name="test_displayStudyChairs" finished-at="2024-11-11T10:25:07 IST" duration-ms="1878" status="PASS">
          <reporter-output>
          </reporter-output>
        </test-method> <!-- test_displayStudyChairs -->
        <test-method is-config="true" signature="tearDown()[pri:0, instance:testCases.TC003_DisplayStudyChairs@665df3c6]" started-at="2024-11-11T10:25:07 IST" name="tearDown" finished-at="2024-11-11T10:25:09 IST" duration-ms="2236" status="PASS">
          <reporter-output>
          </reporter-output>
        </test-method> <!-- tearDown -->
      </class> <!-- testCases.TC003_DisplayStudyChairs -->
      <class name="testCases.TC002_BeingAtHome_SubMenuRetrieval">
        <test-method is-config="true" signature="setup(java.lang.String,java.lang.String)[pri:0, instance:testCases.TC002_BeingAtHome_SubMenuRetrieval@686449f9]" started-at="2024-11-11T10:24:19 IST" name="setup" finished-at="2024-11-11T10:24:54 IST" duration-ms="34850" status="PASS">
          <params>
            <param index="0">
              <value>
                <![CDATA[Windows]]>
              </value>
            </param>
            <param index="1">
              <value>
                <![CDATA[Chrome]]>
              </value>
            </param>
          </params>
          <reporter-output>
          </reporter-output>
        </test-method> <!-- setup -->
        <test-method signature="test_beingAtHome()[pri:0, instance:testCases.TC002_BeingAtHome_SubMenuRetrieval@686449f9]" started-at="2024-11-11T10:24:54 IST" name="test_beingAtHome" finished-at="2024-11-11T10:24:56 IST" duration-ms="2784" status="PASS">
          <reporter-output>
          </reporter-output>
        </test-method> <!-- test_beingAtHome -->
        <test-method is-config="true" signature="tearDown()[pri:0, instance:testCases.TC002_BeingAtHome_SubMenuRetrieval@686449f9]" started-at="2024-11-11T10:24:56 IST" name="tearDown" finished-at="2024-11-11T10:24:59 IST" duration-ms="2375" status="PASS">
          <reporter-output>
          </reporter-output>
        </test-method> <!-- tearDown -->
      </class> <!-- testCases.TC002_BeingAtHome_SubMenuRetrieval -->
      <class name="testCases.TC001_DisplayBookshelves">
        <test-method is-config="true" signature="setup(java.lang.String,java.lang.String)[pri:0, instance:testCases.TC001_DisplayBookshelves@1a7288a3]" started-at="2024-11-11T10:24:01 IST" name="setup" finished-at="2024-11-11T10:24:09 IST" duration-ms="8110" status="PASS">
          <params>
            <param index="0">
              <value>
                <![CDATA[Windows]]>
              </value>
            </param>
            <param index="1">
              <value>
                <![CDATA[Chrome]]>
              </value>
            </param>
          </params>
          <reporter-output>
          </reporter-output>
        </test-method> <!-- setup -->
        <test-method signature="test_displayBookShelves()[pri:0, instance:testCases.TC001_DisplayBookshelves@1a7288a3]" started-at="2024-11-11T10:24:09 IST" name="test_displayBookShelves" finished-at="2024-11-11T10:24:16 IST" duration-ms="7084" status="PASS">
          <reporter-output>
          </reporter-output>
        </test-method> <!-- test_displayBookShelves -->
        <test-method is-config="true" signature="tearDown()[pri:0, instance:testCases.TC001_DisplayBookshelves@1a7288a3]" started-at="2024-11-11T10:24:16 IST" name="tearDown" finished-at="2024-11-11T10:24:19 IST" duration-ms="2741" status="PASS">
          <reporter-output>
          </reporter-output>
        </test-method> <!-- tearDown -->
      </class> <!-- testCases.TC001_DisplayBookshelves -->
      <class name="testCases.TC004_LoginPage">
        <test-method is-config="true" signature="setup(java.lang.String,java.lang.String)[pri:0, instance:testCases.TC004_LoginPage@68b6f0d6]" started-at="2024-11-11T10:25:09 IST" name="setup" finished-at="2024-11-11T10:25:15 IST" duration-ms="6103" status="PASS">
          <params>
            <param index="0">
              <value>
                <![CDATA[Windows]]>
              </value>
            </param>
            <param index="1">
              <value>
                <![CDATA[Chrome]]>
              </value>
            </param>
          </params>
          <reporter-output>
          </reporter-output>
        </test-method> <!-- setup -->
        <test-method signature="test_customizeGiftCard(java.lang.String)[pri:0, instance:testCases.TC004_LoginPage@68b6f0d6]" started-at="2024-11-11T10:25:16 IST" name="test_customizeGiftCard" data-provider="GiftCardData" finished-at="2024-11-11T10:26:16 IST" duration-ms="60264" status="FAIL">
          <params>
            <param index="0">
              <value>
                <![CDATA[ahahhshs]]>
              </value>
            </param>
          </params>
          <exception class="org.openqa.selenium.TimeoutException">
            <message>
              <![CDATA[Expected condition failed: waiting for element to be clickable: [[ChromeDriver: chrome on windows (9e53563ef4c093eca77c3ad430a14dea)] -> xpath: //div[@id='password-credentials']//input[@id='spree_user_email']] (tried for 60 second(s) with 500 milliseconds interval)
Build info: version: '4.23.1', revision: '656257d8e9'
System info: os.name: 'Windows 11', os.arch: 'amd64', os.version: '10.0', java.version: '17.0.12'
Driver info: org.openqa.selenium.chrome.ChromeDriver
Capabilities {acceptInsecureCerts: false, browserName: chrome, browserVersion: 128.0.6613.85, chrome: {chromedriverVersion: 128.0.6613.137 (fe621c5aa2d..., userDataDir: C:\Windows\SystemTemp\scope...}, fedcm:accounts: true, goog:chromeOptions: {debuggerAddress: localhost:58339}, networkConnectionEnabled: false, pageLoadStrategy: normal, platformName: windows, proxy: Proxy(), se:cdp: ws://localhost:58339/devtoo..., se:cdpVersion: 128.0.6613.85, setWindowRect: true, strictFileInteractability: false, timeouts: {implicit: 0, pageLoad: 300000, script: 30000}, unhandledPromptBehavior: dismiss and notify, webauthn:extension:credBlob: true, webauthn:extension:largeBlob: true, webauthn:extension:minPinLength: true, webauthn:extension:prf: true, webauthn:virtualAuthenticators: true}
Session ID: 9e53563ef4c093eca77c3ad430a14dea]]>
            </message>
            <full-stacktrace>
              <![CDATA[org.openqa.selenium.TimeoutException: Expected condition failed: waiting for element to be clickable: [[ChromeDriver: chrome on windows (9e53563ef4c093eca77c3ad430a14dea)] -> xpath: //div[@id='password-credentials']//input[@id='spree_user_email']] (tried for 60 second(s) with 500 milliseconds interval)
Build info: version: '4.23.1', revision: '656257d8e9'
System info: os.name: 'Windows 11', os.arch: 'amd64', os.version: '10.0', java.version: '17.0.12'
Driver info: org.openqa.selenium.chrome.ChromeDriver
Capabilities {acceptInsecureCerts: false, browserName: chrome, browserVersion: 128.0.6613.85, chrome: {chromedriverVersion: 128.0.6613.137 (fe621c5aa2d..., userDataDir: C:\Windows\SystemTemp\scope...}, fedcm:accounts: true, goog:chromeOptions: {debuggerAddress: localhost:58339}, networkConnectionEnabled: false, pageLoadStrategy: normal, platformName: windows, proxy: Proxy(), se:cdp: ws://localhost:58339/devtoo..., se:cdpVersion: 128.0.6613.85, setWindowRect: true, strictFileInteractability: false, timeouts: {implicit: 0, pageLoad: 300000, script: 30000}, unhandledPromptBehavior: dismiss and notify, webauthn:extension:credBlob: true, webauthn:extension:largeBlob: true, webauthn:extension:minPinLength: true, webauthn:extension:prf: true, webauthn:virtualAuthenticators: true}
Session ID: 9e53563ef4c093eca77c3ad430a14dea
at org.openqa.selenium.support.ui.WebDriverWait.timeoutException(WebDriverWait.java:84)
at org.openqa.selenium.support.ui.FluentWait.until(FluentWait.java:228)
at pageObjects.LoginPage.enterInvalidEmail(LoginPage.java:23)
at testCases.TC004_LoginPage.test_customizeGiftCard(TC004_LoginPage.java:21)
at java.base/jdk.internal.reflect.NativeMethodAccessorImpl.invoke0(Native Method)
at java.base/jdk.internal.reflect.NativeMethodAccessorImpl.invoke(NativeMethodAccessorImpl.java:77)
at java.base/jdk.internal.reflect.DelegatingMethodAccessorImpl.invoke(DelegatingMethodAccessorImpl.java:43)
at java.base/java.lang.reflect.Method.invoke(Method.java:569)
at org.testng.internal.invokers.MethodInvocationHelper.invokeMethod(MethodInvocationHelper.java:141)
at org.testng.internal.invokers.TestInvoker.invokeMethod(TestInvoker.java:686)
at org.testng.internal.invokers.TestInvoker.invokeTestMethod(TestInvoker.java:230)
at org.testng.internal.invokers.MethodRunner.runInSequence(MethodRunner.java:63)
at org.testng.internal.invokers.TestInvoker$MethodInvocationAgent.invoke(TestInvoker.java:992)
at org.testng.internal.invokers.TestInvoker.invokeTestMethods(TestInvoker.java:203)
at org.testng.internal.invokers.TestMethodWorker.invokeTestMethods(TestMethodWorker.java:154)
at org.testng.internal.invokers.TestMethodWorker.run(TestMethodWorker.java:134)
at java.base/java.util.ArrayList.forEach(ArrayList.java:1511)
at org.testng.TestRunner.privateRun(TestRunner.java:739)
at org.testng.TestRunner.run(TestRunner.java:614)
at org.testng.SuiteRunner.runTest(SuiteRunner.java:421)
at org.testng.SuiteRunner.runSequentially(SuiteRunner.java:413)
at org.testng.SuiteRunner.privateRun(SuiteRunner.java:373)
at org.testng.SuiteRunner.run(SuiteRunner.java:312)
at org.testng.SuiteRunnerWorker.runSuite(SuiteRunnerWorker.java:52)
at org.testng.SuiteRunnerWorker.run(SuiteRunnerWorker.java:95)
at org.testng.TestNG.runSuitesSequentially(TestNG.java:1274)
at org.testng.TestNG.runSuitesLocally(TestNG.java:1208)
at org.testng.TestNG.runSuites(TestNG.java:1112)
at org.testng.TestNG.run(TestNG.java:1079)
at org.apache.maven.surefire.testng.TestNGExecutor.run(TestNGExecutor.java:308)
at org.apache.maven.surefire.testng.TestNGXmlTestSuite.execute(TestNGXmlTestSuite.java:71)
at org.apache.maven.surefire.testng.TestNGProvider.invoke(TestNGProvider.java:113)
at org.apache.maven.surefire.booter.ForkedBooter.runSuitesInProcess(ForkedBooter.java:385)
at org.apache.maven.surefire.booter.ForkedBooter.execute(ForkedBooter.java:162)
at org.apache.maven.surefire.booter.ForkedBooter.run(ForkedBooter.java:507)
at org.apache.maven.surefire.booter.ForkedBooter.main(ForkedBooter.java:495)
]]>
            </full-stacktrace>
          </exception> <!-- org.openqa.selenium.TimeoutException -->
          <reporter-output>
          </reporter-output>
        </test-method> <!-- test_customizeGiftCard -->
        <test-method signature="test_customizeGiftCard(java.lang.String)[pri:0, instance:testCases.TC004_LoginPage@68b6f0d6]" started-at="2024-11-11T10:26:17 IST" name="test_customizeGiftCard" data-provider="GiftCardData" finished-at="2024-11-11T10:26:20 IST" duration-ms="3722" status="PASS">
          <params>
            <param index="0">
              <value>
                <![CDATA[shshhshs]]>
              </value>
            </param>
          </params>
          <reporter-output>
          </reporter-output>
        </test-method> <!-- test_customizeGiftCard -->
        <test-method is-config="true" signature="tearDown()[pri:0, instance:testCases.TC004_LoginPage@68b6f0d6]" started-at="2024-11-11T10:26:20 IST" name="tearDown" finished-at="2024-11-11T10:26:24 IST" duration-ms="3376" status="PASS">
          <reporter-output>
          </reporter-output>
        </test-method> <!-- tearDown -->
      </class> <!-- testCases.TC004_LoginPage -->
    </test> <!-- ChromeTest -->
  </suite> <!-- Suite -->
</testng-results>
