<?xml version="1.0" encoding="UTF-8"?>
<testng-results ignored="0" total="5" passed="5" failed="0" skipped="0">
  <reporter-output>
  </reporter-output>
  <suite started-at="2024-11-11T10:44:22 IST" name="Suite" finished-at="2024-11-11T10:45:24 IST" duration-ms="62368">
    <groups>
    </groups>
    <test started-at="2024-11-11T10:44:22 IST" name="ChromeTest" finished-at="2024-11-11T10:45:24 IST" duration-ms="62368">
      <class name="testCases.TC003_DisplayStudyChairs">
        <test-method is-config="true" signature="setup(java.lang.String,java.lang.String)[pri:0, instance:testCases.TC003_DisplayStudyChairs@209da20d]" started-at="2024-11-11T10:44:58 IST" name="setup" finished-at="2024-11-11T10:45:04 IST" duration-ms="6666" status="PASS">
          <params>
            <param index="0">
              <value>
                <![CDATA[Windows]]>
              </value>
            </param>
            <param index="1">
              <value>
                <![CDATA[Chrome]]>
              </value>
            </param>
          </params>
          <reporter-output>
          </reporter-output>
        </test-method> <!-- setup -->
        <test-method signature="test_displayStudyChairs()[pri:0, instance:testCases.TC003_DisplayStudyChairs@209da20d]" started-at="2024-11-11T10:45:04 IST" name="test_displayStudyChairs" finished-at="2024-11-11T10:45:08 IST" duration-ms="3641" status="PASS">
          <reporter-output>
          </reporter-output>
        </test-method> <!-- test_displayStudyChairs -->
        <test-method is-config="true" signature="tearDown()[pri:0, instance:testCases.TC003_DisplayStudyChairs@209da20d]" started-at="2024-11-11T10:45:08 IST" name="tearDown" finished-at="2024-11-11T10:45:10 IST" duration-ms="2308" status="PASS">
          <reporter-output>
          </reporter-output>
        </test-method> <!-- tearDown -->
      </class> <!-- testCases.TC003_DisplayStudyChairs -->
      <class name="testCases.TC002_BeingAtHome_SubMenuRetrieval">
        <test-method is-config="true" signature="setup(java.lang.String,java.lang.String)[pri:0, instance:testCases.TC002_BeingAtHome_SubMenuRetrieval@bae7dc0]" started-at="2024-11-11T10:44:44 IST" name="setup" finished-at="2024-11-11T10:44:51 IST" duration-ms="7401" status="PASS">
          <params>
            <param index="0">
              <value>
                <![CDATA[Windows]]>
              </value>
            </param>
            <param index="1">
              <value>
                <![CDATA[Chrome]]>
              </value>
            </param>
          </params>
          <reporter-output>
          </reporter-output>
        </test-method> <!-- setup -->
        <test-method signature="test_beingAtHome()[pri:0, instance:testCases.TC002_BeingAtHome_SubMenuRetrieval@bae7dc0]" started-at="2024-11-11T10:44:51 IST" name="test_beingAtHome" finished-at="2024-11-11T10:44:55 IST" duration-ms="4127" status="PASS">
          <reporter-output>
          </reporter-output>
        </test-method> <!-- test_beingAtHome -->
        <test-method is-config="true" signature="tearDown()[pri:0, instance:testCases.TC002_BeingAtHome_SubMenuRetrieval@bae7dc0]" started-at="2024-11-11T10:44:55 IST" name="tearDown" finished-at="2024-11-11T10:44:58 IST" duration-ms="2298" status="PASS">
          <reporter-output>
          </reporter-output>
        </test-method> <!-- tearDown -->
      </class> <!-- testCases.TC002_BeingAtHome_SubMenuRetrieval -->
      <class name="testCases.TC001_DisplayBookshelves">
        <test-method is-config="true" signature="setup(java.lang.String,java.lang.String)[pri:0, instance:testCases.TC001_DisplayBookshelves@21e360a]" started-at="2024-11-11T10:44:22 IST" name="setup" finished-at="2024-11-11T10:44:31 IST" duration-ms="8494" status="PASS">
          <params>
            <param index="0">
              <value>
                <![CDATA[Windows]]>
              </value>
            </param>
            <param index="1">
              <value>
                <![CDATA[Chrome]]>
              </value>
            </param>
          </params>
          <reporter-output>
          </reporter-output>
        </test-method> <!-- setup -->
        <test-method signature="test_displayBookShelves()[pri:0, instance:testCases.TC001_DisplayBookshelves@21e360a]" started-at="2024-11-11T10:44:31 IST" name="test_displayBookShelves" finished-at="2024-11-11T10:44:39 IST" duration-ms="8517" status="PASS">
          <reporter-output>
          </reporter-output>
        </test-method> <!-- test_displayBookShelves -->
        <test-method is-config="true" signature="tearDown()[pri:0, instance:testCases.TC001_DisplayBookshelves@21e360a]" started-at="2024-11-11T10:44:39 IST" name="tearDown" finished-at="2024-11-11T10:44:44 IST" duration-ms="4651" status="PASS">
          <reporter-output>
          </reporter-output>
        </test-method> <!-- tearDown -->
      </class> <!-- testCases.TC001_DisplayBookshelves -->
      <class name="testCases.TC004_LoginPage">
        <test-method is-config="true" signature="setup(java.lang.String,java.lang.String)[pri:0, instance:testCases.TC004_LoginPage@e15b7e8]" started-at="2024-11-11T10:45:10 IST" name="setup" finished-at="2024-11-11T10:45:16 IST" duration-ms="5612" status="PASS">
          <params>
            <param index="0">
              <value>
                <![CDATA[Windows]]>
              </value>
            </param>
            <param index="1">
              <value>
                <![CDATA[Chrome]]>
              </value>
            </param>
          </params>
          <reporter-output>
          </reporter-output>
        </test-method> <!-- setup -->
        <test-method signature="test_customizeGiftCard(java.lang.String)[pri:0, instance:testCases.TC004_LoginPage@e15b7e8]" started-at="2024-11-11T10:45:17 IST" name="test_customizeGiftCard" data-provider="GiftCardData" finished-at="2024-11-11T10:45:21 IST" duration-ms="3939" status="PASS">
          <params>
            <param index="0">
              <value>
                <![CDATA[ahahhshs]]>
              </value>
            </param>
          </params>
          <reporter-output>
          </reporter-output>
        </test-method> <!-- test_customizeGiftCard -->
        <test-method signature="test_customizeGiftCard(java.lang.String)[pri:0, instance:testCases.TC004_LoginPage@e15b7e8]" started-at="2024-11-11T10:45:21 IST" name="test_customizeGiftCard" data-provider="GiftCardData" finished-at="2024-11-11T10:45:22 IST" duration-ms="583" status="PASS">
          <params>
            <param index="0">
              <value>
                <![CDATA[shshhshs]]>
              </value>
            </param>
          </params>
          <reporter-output>
          </reporter-output>
        </test-method> <!-- test_customizeGiftCard -->
        <test-method is-config="true" signature="tearDown()[pri:0, instance:testCases.TC004_LoginPage@e15b7e8]" started-at="2024-11-11T10:45:22 IST" name="tearDown" finished-at="2024-11-11T10:45:24 IST" duration-ms="2576" status="PASS">
          <reporter-output>
          </reporter-output>
        </test-method> <!-- tearDown -->
      </class> <!-- testCases.TC004_LoginPage -->
    </test> <!-- ChromeTest -->
  </suite> <!-- Suite -->
</testng-results>
